{"/Users/michaelmcdermott/app/my-typescript-project/app/linkedgoals-mvp/src/components/MotivationalQuoteScreen.tsx": {"path":"/Users/michaelmcdermott/app/my-typescript-project/app/linkedgoals-mvp/src/components/MotivationalQuoteScreen.tsx","statementMap":{"0":{"start":{"line":1,"column":0},"end":{"line":1,"column":51}},"1":{"start":{"line":2,"column":0},"end":{"line":2,"column":null}},"2":{"start":{"line":6,"column":0},"end":{"line":6,"column":47}},"3":{"start":{"line":14,"column":72},"end":{"line":118,"column":1}},"4":{"start":{"line":19,"column":28},"end":{"line":19,"column":68}},"5":{"start":{"line":20,"column":36},"end":{"line":20,"column":51}},"6":{"start":{"line":21,"column":34},"end":{"line":21,"column":45}},"7":{"start":{"line":23,"column":2},"end":{"line":52,"column":17}},"8":{"start":{"line":25,"column":22},"end":{"line":25,"column":48}},"9":{"start":{"line":26,"column":4},"end":{"line":26,"column":24}},"10":{"start":{"line":29,"column":24},"end":{"line":31,"column":11}},"11":{"start":{"line":30,"column":6},"end":{"line":30,"column":25}},"12":{"start":{"line":34,"column":29},"end":{"line":40,"column":10}},"13":{"start":{"line":35,"column":6},"end":{"line":39,"column":9}},"14":{"start":{"line":36,"column":26},"end":{"line":36,"column":47}},"15":{"start":{"line":37,"column":28},"end":{"line":37,"column":44}},"16":{"start":{"line":38,"column":8},"end":{"line":38,"column":54}},"17":{"start":{"line":43,"column":26},"end":{"line":45,"column":16}},"18":{"start":{"line":44,"column":6},"end":{"line":44,"column":23}},"19":{"start":{"line":47,"column":4},"end":{"line":51,"column":6}},"20":{"start":{"line":48,"column":6},"end":{"line":48,"column":32}},"21":{"start":{"line":49,"column":6},"end":{"line":49,"column":34}},"22":{"start":{"line":50,"column":6},"end":{"line":50,"column":38}},"23":{"start":{"line":54,"column":25},"end":{"line":60,"column":3}},"24":{"start":{"line":55,"column":4},"end":{"line":55,"column":24}},"25":{"start":{"line":57,"column":4},"end":{"line":59,"column":12}},"26":{"start":{"line":58,"column":6},"end":{"line":58,"column":19}},"27":{"start":{"line":62,"column":21},"end":{"line":64,"column":3}},"28":{"start":{"line":63,"column":4},"end":{"line":63,"column":21}},"29":{"start":{"line":66,"column":2},"end":{"line":68,"column":3}},"30":{"start":{"line":67,"column":4},"end":{"line":67,"column":16}},"31":{"start":{"line":70,"column":2},"end":{"line":117,"column":4}},"32":{"start":{"line":120,"column":0},"end":{"line":120,"column":39}}},"fnMap":{"0":{"name":"(anonymous_9)","decl":{"start":{"line":14,"column":72},"end":{"line":14,"column":73}},"loc":{"start":{"line":18,"column":5},"end":{"line":118,"column":1}}},"1":{"name":"(anonymous_10)","decl":{"start":{"line":23,"column":12},"end":{"line":23,"column":15}},"loc":{"start":{"line":23,"column":17},"end":{"line":52,"column":3}}},"2":{"name":"(anonymous_11)","decl":{"start":{"line":29,"column":35},"end":{"line":29,"column":38}},"loc":{"start":{"line":29,"column":40},"end":{"line":31,"column":5}}},"3":{"name":"(anonymous_12)","decl":{"start":{"line":34,"column":41},"end":{"line":34,"column":44}},"loc":{"start":{"line":34,"column":46},"end":{"line":40,"column":5}}},"4":{"name":"(anonymous_13)","decl":{"start":{"line":35,"column":18},"end":{"line":35,"column":19}},"loc":{"start":{"line":35,"column":27},"end":{"line":39,"column":7}}},"5":{"name":"(anonymous_14)","decl":{"start":{"line":43,"column":37},"end":{"line":43,"column":40}},"loc":{"start":{"line":43,"column":42},"end":{"line":45,"column":5}}},"6":{"name":"(anonymous_15)","decl":{"start":{"line":47,"column":11},"end":{"line":47,"column":14}},"loc":{"start":{"line":47,"column":16},"end":{"line":51,"column":5}}},"7":{"name":"(anonymous_16)","decl":{"start":{"line":54,"column":25},"end":{"line":54,"column":28}},"loc":{"start":{"line":54,"column":30},"end":{"line":60,"column":3}}},"8":{"name":"(anonymous_17)","decl":{"start":{"line":57,"column":15},"end":{"line":57,"column":18}},"loc":{"start":{"line":57,"column":20},"end":{"line":59,"column":5}}},"9":{"name":"(anonymous_18)","decl":{"start":{"line":62,"column":21},"end":{"line":62,"column":24}},"loc":{"start":{"line":62,"column":26},"end":{"line":64,"column":3}}}},"branchMap":{"0":{"loc":{"start":{"line":16,"column":2},"end":{"line":16,"column":17}},"type":"default-arg","locations":[{"start":{"line":16,"column":13},"end":{"line":16,"column":17}}]},"1":{"loc":{"start":{"line":17,"column":2},"end":{"line":17,"column":23}},"type":"default-arg","locations":[{"start":{"line":17,"column":19},"end":{"line":17,"column":23}}]},"2":{"loc":{"start":{"line":38,"column":15},"end":{"line":38,"column":53}},"type":"cond-expr","locations":[{"start":{"line":38,"column":36},"end":{"line":38,"column":39}},{"start":{"line":38,"column":42},"end":{"line":38,"column":53}}]},"3":{"loc":{"start":{"line":66,"column":2},"end":{"line":68,"column":3}},"type":"if","locations":[{"start":{"line":66,"column":2},"end":{"line":68,"column":3}}]},"4":{"loc":{"start":{"line":71,"column":49},"end":{"line":71,"column":75}},"type":"cond-expr","locations":[{"start":{"line":71,"column":61},"end":{"line":71,"column":70}},{"start":{"line":71,"column":73},"end":{"line":71,"column":75}}]},"5":{"loc":{"start":{"line":98,"column":9},"end":{"line":105,"column":null}},"type":"binary-expr","locations":[{"start":{"line":98,"column":9},"end":{"line":98,"column":23}},{"start":{"line":99,"column":10},"end":{"line":102,"column":null}}]}},"s":{"0":1,"1":1,"2":1,"3":1,"4":69,"5":69,"6":69,"7":69,"8":26,"9":26,"10":26,"11":24,"12":26,"13":2217,"14":378,"15":378,"16":378,"17":26,"18":24,"19":26,"20":26,"21":26,"22":26,"23":69,"24":27,"25":27,"26":8,"27":69,"28":3,"29":69,"30":26,"31":43,"32":1},"f":{"0":69,"1":26,"2":24,"3":2217,"4":378,"5":24,"6":26,"7":27,"8":8,"9":3},"b":{"0":[57],"1":[64],"2":[39,339],"3":[26],"4":[5,38],"5":[43,41]}}
,"/Users/michaelmcdermott/app/my-typescript-project/app/linkedgoals-mvp/src/data/motivationalQuotes.ts": {"path":"/Users/michaelmcdermott/app/my-typescript-project/app/linkedgoals-mvp/src/data/motivationalQuotes.ts","statementMap":{"0":{"start":{"line":6,"column":13},"end":{"line":251,"column":2}},"1":{"start":{"line":257,"column":40},"end":{"line":266,"column":1}},"2":{"start":{"line":258,"column":23},"end":{"line":258,"column":45}},"3":{"start":{"line":259,"column":16},"end":{"line":259,"column":48}},"4":{"start":{"line":262,"column":20},"end":{"line":262,"column":66}},"5":{"start":{"line":263,"column":2},"end":{"line":263,"column":34}},"6":{"start":{"line":265,"column":2},"end":{"line":265,"column":15}},"7":{"start":{"line":257,"column":13},"end":{"line":257,"column":40}},"8":{"start":{"line":271,"column":36},"end":{"line":286,"column":1}},"9":{"start":{"line":272,"column":2},"end":{"line":285,"column":3}},"10":{"start":{"line":273,"column":19},"end":{"line":273,"column":66}},"11":{"start":{"line":274,"column":4},"end":{"line":274,"column":34}},"12":{"start":{"line":274,"column":25},"end":{"line":274,"column":34}},"13":{"start":{"line":276,"column":18},"end":{"line":276,"column":38}},"14":{"start":{"line":278,"column":4},"end":{"line":280,"column":14}},"15":{"start":{"line":283,"column":4},"end":{"line":283,"column":74}},"16":{"start":{"line":284,"column":4},"end":{"line":284,"column":13}},"17":{"start":{"line":271,"column":13},"end":{"line":271,"column":36}},"18":{"start":{"line":291,"column":36},"end":{"line":298,"column":1}},"19":{"start":{"line":292,"column":2},"end":{"line":297,"column":3}},"20":{"start":{"line":293,"column":4},"end":{"line":293,"column":70}},"21":{"start":{"line":296,"column":4},"end":{"line":296,"column":71}},"22":{"start":{"line":291,"column":13},"end":{"line":291,"column":36}},"23":{"start":{"line":303,"column":37},"end":{"line":305,"column":1}},"24":{"start":{"line":304,"column":2},"end":{"line":304,"column":26}},"25":{"start":{"line":303,"column":13},"end":{"line":303,"column":37}},"26":{"start":{"line":310,"column":42},"end":{"line":313,"column":1}},"27":{"start":{"line":311,"column":22},"end":{"line":311,"column":75}},"28":{"start":{"line":312,"column":2},"end":{"line":312,"column":41}},"29":{"start":{"line":310,"column":13},"end":{"line":310,"column":42}}},"fnMap":{"0":{"name":"(anonymous_0)","decl":{"start":{"line":257,"column":40},"end":{"line":257,"column":62}},"loc":{"start":{"line":257,"column":64},"end":{"line":266,"column":1}}},"1":{"name":"(anonymous_1)","decl":{"start":{"line":271,"column":36},"end":{"line":271,"column":47}},"loc":{"start":{"line":271,"column":49},"end":{"line":286,"column":1}}},"2":{"name":"(anonymous_2)","decl":{"start":{"line":291,"column":36},"end":{"line":291,"column":37}},"loc":{"start":{"line":291,"column":60},"end":{"line":298,"column":1}}},"3":{"name":"(anonymous_3)","decl":{"start":{"line":303,"column":37},"end":{"line":303,"column":46}},"loc":{"start":{"line":303,"column":48},"end":{"line":305,"column":1}}},"4":{"name":"(anonymous_4)","decl":{"start":{"line":310,"column":42},"end":{"line":310,"column":64}},"loc":{"start":{"line":310,"column":66},"end":{"line":313,"column":1}}}},"branchMap":{"0":{"loc":{"start":{"line":274,"column":4},"end":{"line":274,"column":34}},"type":"if","locations":[{"start":{"line":274,"column":4},"end":{"line":274,"column":34}}]},"1":{"loc":{"start":{"line":278,"column":11},"end":{"line":280,"column":13}},"type":"cond-expr","locations":[{"start":{"line":279,"column":8},"end":{"line":279,"column":9}},{"start":{"line":280,"column":8},"end":{"line":280,"column":13}}]},"2":{"loc":{"start":{"line":278,"column":11},"end":{"line":278,"column":74}},"type":"binary-expr","locations":[{"start":{"line":278,"column":11},"end":{"line":278,"column":23}},{"start":{"line":278,"column":27},"end":{"line":278,"column":36}},{"start":{"line":278,"column":40},"end":{"line":278,"column":74}}]}},"s":{"0":2,"1":2,"2":55,"3":55,"4":55,"5":55,"6":55,"7":2,"8":2,"9":61,"10":61,"11":5,"12":1,"13":4,"14":4,"15":56,"16":56,"17":2,"18":2,"19":59,"20":59,"21":58,"22":2,"23":2,"24":2,"25":2,"26":2,"27":11,"28":11,"29":2},"f":{"0":55,"1":61,"2":59,"3":2,"4":11},"b":{"0":[1],"1":[3,1],"2":[4,3,2]}}
}
