TN:
SF:src/components/MotivationalQuoteScreen.tsx
FN:14,(anonymous_9)
FN:23,(anonymous_10)
FN:29,(anonymous_11)
FN:34,(anonymous_12)
FN:35,(anonymous_13)
FN:43,(anonymous_14)
FN:47,(anonymous_15)
FN:54,(anonymous_16)
FN:57,(anonymous_17)
FN:62,(anonymous_18)
FNF:10
FNH:10
FNDA:69,(anonymous_9)
FNDA:26,(anonymous_10)
FNDA:24,(anonymous_11)
FNDA:2217,(anonymous_12)
FNDA:378,(anonymous_13)
FNDA:24,(anonymous_14)
FNDA:26,(anonymous_15)
FNDA:27,(anonymous_16)
FNDA:8,(anonymous_17)
FNDA:3,(anonymous_18)
DA:1,1
DA:2,1
DA:6,1
DA:14,1
DA:19,69
DA:20,69
DA:21,69
DA:23,69
DA:25,26
DA:26,26
DA:29,26
DA:30,24
DA:34,26
DA:35,2217
DA:36,378
DA:37,378
DA:38,378
DA:43,26
DA:44,24
DA:47,26
DA:48,26
DA:49,26
DA:50,26
DA:54,69
DA:55,27
DA:57,27
DA:58,8
DA:62,69
DA:63,3
DA:66,69
DA:67,26
DA:70,43
DA:120,1
LF:33
LH:33
BRDA:16,0,0,57
BRDA:17,1,0,64
BRDA:38,2,0,39
BRDA:38,2,1,339
BRDA:66,3,0,26
BRDA:71,4,0,5
BRDA:71,4,1,38
BRDA:98,5,0,43
BRDA:98,5,1,41
BRF:9
BRH:9
end_of_record
TN:
SF:src/data/motivationalQuotes.ts
FN:257,(anonymous_0)
FN:271,(anonymous_1)
FN:291,(anonymous_2)
FN:303,(anonymous_3)
FN:310,(anonymous_4)
FNF:5
FNH:5
FNDA:55,(anonymous_0)
FNDA:61,(anonymous_1)
FNDA:59,(anonymous_2)
FNDA:2,(anonymous_3)
FNDA:11,(anonymous_4)
DA:6,2
DA:257,2
DA:258,55
DA:259,55
DA:262,55
DA:263,55
DA:265,55
DA:271,2
DA:272,61
DA:273,61
DA:274,5
DA:276,4
DA:278,4
DA:283,56
DA:284,56
DA:291,2
DA:292,59
DA:293,59
DA:296,58
DA:303,2
DA:304,2
DA:310,2
DA:311,11
DA:312,11
LF:24
LH:24
BRDA:274,0,0,1
BRDA:278,1,0,3
BRDA:278,1,1,1
BRDA:278,2,0,4
BRDA:278,2,1,3
BRDA:278,2,2,2
BRF:6
BRH:6
end_of_record
